
*******************************************************************************
*******************************************************************************
*******************************************************************************
*       BEGAN ATLAS3.10.2 INSTALL OF SECTION 4-3-4 ON 09/28/2014 AT 16:55     *
*******************************************************************************
*******************************************************************************
*******************************************************************************



make[2]: Entering directory `/work/03192/priyaj/wannier90-2.0.0/atlas/ATLAS/my_build_dir/bin'
if [ -s "/work/03192/priyaj/wannier90-2.0.0/atlas/ATLAS/my_build_dir/include/atlas_cGetNB_geqrf.h" ]; then \
           echo "Arch Defaults allow us to skip tuning" ; \
        else \
	    cd /work/03192/priyaj/wannier90-2.0.0/atlas/ATLAS/my_build_dir/tune/lapack ; make res/ATL_cGetNB_geqrf.h ; \
	    cp /work/03192/priyaj/wannier90-2.0.0/atlas/ATLAS/my_build_dir/tune/lapack/res/ATL_cGetNB_geqrf.h \
               /work/03192/priyaj/wannier90-2.0.0/atlas/ATLAS/my_build_dir/include/atlas_cGetNB_geqrf.h ; \
        fi
Arch Defaults allow us to skip tuning
if [ -s "/work/03192/priyaj/wannier90-2.0.0/atlas/ATLAS/my_build_dir/include/atlas_ctGetNB_geqrf.h" ]; then \
           echo "Arch Defaults allow us to skip threaded tuning" ; \
        elif [ -s "/work/03192/priyaj/wannier90-2.0.0/atlas/ATLAS/my_build_dir/include/atlas_pthreads.h" ]; then \
	    cd /work/03192/priyaj/wannier90-2.0.0/atlas/ATLAS/my_build_dir/tune/lapack ; make res/ATL_ctGetNB_geqrf.h ; \
	    cp /work/03192/priyaj/wannier90-2.0.0/atlas/ATLAS/my_build_dir/tune/lapack/res/ATL_ctGetNB_geqrf.h \
               /work/03192/priyaj/wannier90-2.0.0/atlas/ATLAS/my_build_dir/include/atlas_ctGetNB_geqrf.h ; \
        fi
Arch Defaults allow us to skip threaded tuning
make[2]: Leaving directory `/work/03192/priyaj/wannier90-2.0.0/atlas/ATLAS/my_build_dir/bin'

*******************************************************************************
*******************************************************************************
*******************************************************************************
*      FINISHED ATLAS3.10.2 INSTALL OF SECTION 4-3-4 ON 09/28/2014 AT 16:55   *
*******************************************************************************
*******************************************************************************
*******************************************************************************



