
*******************************************************************************
*******************************************************************************
*******************************************************************************
*       BEGAN ATLAS3.10.2 INSTALL OF SECTION 2-1-7 ON 09/28/2014 AT 16:45     *
*******************************************************************************
*******************************************************************************
*******************************************************************************



make[2]: Entering directory `/work/03192/priyaj/wannier90-2.0.0/atlas/ATLAS/my_build_dir/bin'
cd /work/03192/priyaj/wannier90-2.0.0/atlas/ATLAS/my_build_dir/tune/blas/gemv ; make res/dMVNK.sum pre=d
make[3]: Entering directory `/work/03192/priyaj/wannier90-2.0.0/atlas/ATLAS/my_build_dir/tune/blas/gemv'
/usr/bin/x86_64-redhat-linux-gcc -c -DL2SIZE=4194304 -I/work/03192/priyaj/wannier90-2.0.0/atlas/ATLAS/my_build_dir/include -I/work/03192/priyaj/wannier90-2.0.0/atlas/ATLAS/my_build_dir/..//include -I/work/03192/priyaj/wannier90-2.0.0/atlas/ATLAS/my_build_dir/..//include/contrib -DAdd_ -DF77_INTEGER=int -DStringSunStyle -DATL_OS_Linux -DATL_ARCH_Corei2 -DATL_CPUMHZ=2700 -DATL_AVX -DATL_SSE3 -DATL_SSE2 -DATL_SSE1 -DATL_USE64BITS -DATL_GAS_x8664 -m64  -DATL_NCPU=16 -fomit-frame-pointer -mfpmath=sse -O2 -fno-schedule-insns2 -m64 -o mvnksearch.o /work/03192/priyaj/wannier90-2.0.0/atlas/ATLAS/my_build_dir/..//tune/blas/gemv/mvnksearch.c
/usr/bin/x86_64-redhat-linux-gcc -DL2SIZE=4194304 -I/work/03192/priyaj/wannier90-2.0.0/atlas/ATLAS/my_build_dir/include -I/work/03192/priyaj/wannier90-2.0.0/atlas/ATLAS/my_build_dir/..//include -I/work/03192/priyaj/wannier90-2.0.0/atlas/ATLAS/my_build_dir/..//include/contrib -DAdd_ -DF77_INTEGER=int -DStringSunStyle -DATL_OS_Linux -DATL_ARCH_Corei2 -DATL_CPUMHZ=2700 -DATL_AVX -DATL_SSE3 -DATL_SSE2 -DATL_SSE1 -DATL_USE64BITS -DATL_GAS_x8664 -m64  -DATL_NCPU=16 -fomit-frame-pointer -mfpmath=sse -O2 -fno-schedule-insns2 -m64 -o xmvnksearch mvnksearch.o
mvnksearch.o: In function `TimeMVKernel':
mvnksearch.c:(.text+0x3230): warning: the use of `tmpnam' is dangerous, better use `mkstemp'
./xmvnksearch -p d
make[4]: Entering directory `/work/03192/priyaj/wannier90-2.0.0/atlas/ATLAS/my_build_dir/tune/blas/gemv'
cd /work/03192/priyaj/wannier90-2.0.0/atlas/ATLAS/my_build_dir/tune/sysinfo ; make res/L1CacheSize
make[5]: Entering directory `/work/03192/priyaj/wannier90-2.0.0/atlas/ATLAS/my_build_dir/tune/sysinfo'
make[5]: `res/L1CacheSize' is up to date.
make[5]: Leaving directory `/work/03192/priyaj/wannier90-2.0.0/atlas/ATLAS/my_build_dir/tune/sysinfo'
ln -s /work/03192/priyaj/wannier90-2.0.0/atlas/ATLAS/my_build_dir/tune/sysinfo/res/L1CacheSize res/L1CacheSize
make[4]: Leaving directory `/work/03192/priyaj/wannier90-2.0.0/atlas/ATLAS/my_build_dir/tune/blas/gemv'

      Read in L1 Cache size as = 32KB.
   900002:dmvn_sse.c (M=2300, N=2000, lda=2303) gets 3067.43 MFLOPS
   900009:dmvn_sse.c (M=910, N=18, lda=918) gets 6329.96 MFLOPS
   900008:dmvn_sse.c (M=910, N=18, lda=917) gets 6329.96 MFLOPS
   900009:dmvn_sse.c (M=290, N=12, lda=298) gets 6235.00 MFLOPS
   900005:dmvn_sse.c (M=435, N=8, lda=441) gets 6247.63 MFLOPS
   900002:dmvn_sse.c (M=2300, N=2000, lda=2303) gets 3068.46 MFLOPS
ID=900002 ROUT='dmvn_sse.c' AUTH='R. Clint Whaley' TA='N' KNAME='ATL_dmvnk__900002' \
   rankR=0 CacheElts=30720 SSE=3 alignA=0 alignY=16 alignX=16 minM=8 minN=2  \
   NU=2 MU=8 LDAMUL=0 PFTUNABLE=1 ALIGNX2A=0 ADDCFLAGS=0 GEMMBASED=0 AXPYBASED=1  \
   ALLALIGNXY=0 LDYTOP=0 FNU=1 X87=0  \
   MFLOP=3.067433e+03,-3.814672e+03  ASM=GAS_x8664 \
     CFLAGS='-x assembler-with-cpp -DPFIA=prefetcht0 -DPFIY=prefetcht2 -DPFADIST=384 -DPFXDIST=256 -DPFYDIST=0' \
     COMP='gcc'
ID=900009 ROUT='dmvn_sse.c' AUTH='R. Clint Whaley' TA='N' KNAME='ATL_dmvnk__900009' \
   rankR=1 CacheElts=30720 SSE=3 alignA=16 alignY=16 alignX=16 minM=8 minN=6  \
   NU=6 MU=8 LDAMUL=16 PFTUNABLE=1 ALIGNX2A=0 ADDCFLAGS=0 GEMMBASED=0 AXPYBASED=1  \
   ALLALIGNXY=0 LDYTOP=0 FNU=1 X87=0  \
   MFLOP=-2.950240e+03,-3.400129e+03,0.000000e+00,6.329960e+03,-1.217885e+04 \
     ASM=GAS_x8664 \
     CFLAGS='-x assembler-with-cpp -DPFIA=prefetchnta -DPFIX=prefetchnta -DPFIY=prefetcht2 -DPFADIST=128 -DPFXDIST=0 -DPFYDIST=128' \
     COMP='gcc'
ID=900008 ROUT='dmvn_sse.c' AUTH='R. Clint Whaley' TA='N' KNAME='ATL_dmvnk__900008' \
   rankR=0 CacheElts=30720 SSE=3 alignA=0 alignY=16 alignX=16 minM=8 minN=6  \
   NU=6 MU=8 LDAMUL=0 PFTUNABLE=1 ALIGNX2A=0 ADDCFLAGS=0 GEMMBASED=0 AXPYBASED=1  \
   ALLALIGNXY=0 LDYTOP=0 FNU=1 X87=0  \
   MFLOP=0.000000e+00,0.000000e+00,0.000000e+00,6.329960e+03,-8.679577e+03 \
     ASM=GAS_x8664 \
     CFLAGS='-x assembler-with-cpp -DPFIX=prefetcht0 -DPFIY=prefetchnta -DPFADIST=128 -DPFYDIST=256' \
     COMP='gcc'
ID=900009 ROUT='dmvn_sse.c' AUTH='R. Clint Whaley' TA='N' KNAME='ATL_dmvnk__900009' \
   rankR=1 CacheElts=3850 SSE=3 alignA=16 alignY=16 alignX=16 minM=8 minN=6  \
   NU=6 MU=8 LDAMUL=16 PFTUNABLE=1 ALIGNX2A=0 ADDCFLAGS=0 GEMMBASED=0 AXPYBASED=1  \
   ALLALIGNXY=0 LDYTOP=0 FNU=1 X87=0  \
   MFLOP=-2.950240e+03,-3.400129e+03,0.000000e+00,-9.100000e+03,6.235000e+03 \
     ASM=GAS_x8664  CFLAGS='-x assembler-with-cpp'  COMP='gcc'
ID=900005 ROUT='dmvn_sse.c' AUTH='R. Clint Whaley' TA='N' KNAME='ATL_dmvnk__900005' \
   rankR=0 CacheElts=3850 SSE=3 alignA=0 alignY=16 alignX=16 minM=8 minN=8  \
   NU=8 MU=8 LDAMUL=0 PFTUNABLE=1 ALIGNX2A=0 ADDCFLAGS=0 GEMMBASED=0 AXPYBASED=1  \
   ALLALIGNXY=0 LDYTOP=0 FNU=1 X87=0  \
   MFLOP=0.000000e+00,0.000000e+00,0.000000e+00,0.000000e+00,6.247628e+03 \
     ASM=GAS_x8664 \
     CFLAGS='-x assembler-with-cpp -DPFIA=prefetcht0 -DPFIY=prefetcht2 -DPFADIST=0 -DPFXDIST=256 -DPFYDIST=128' \
     COMP='gcc'
ID=900002 ROUT='dmvn_sse.c' AUTH='R. Clint Whaley' TA='N' KNAME='ATL_dmvnk__900002' \
   rankR=0 CacheElts=3850 SSE=3 alignA=0 alignY=16 alignX=16 minM=8 minN=2  \
   NU=2 MU=8 LDAMUL=0 PFTUNABLE=1 ALIGNX2A=0 ADDCFLAGS=0 GEMMBASED=0 AXPYBASED=1  \
   ALLALIGNXY=0 LDYTOP=0 FNU=1 X87=0  \
   MFLOP=3.068456e+03,-3.746789e+03  ASM=GAS_x8664 \
     CFLAGS='-x assembler-with-cpp -DPFIX=prefetcht0 -DPFIY=prefetchnta -DPFADIST=256 -DPFXDIST=128 -DPFYDIST=128' \
     COMP='gcc'
make dmvninstall
make[4]: Entering directory `/work/03192/priyaj/wannier90-2.0.0/atlas/ATLAS/my_build_dir/tune/blas/gemv'
cp: cannot stat `/work/03192/priyaj/wannier90-2.0.0/atlas/ATLAS/my_build_dir/bin/xccobj.exe': No such file or directory
make[4]: [xccobj] Error 1 (ignored)
mkdir dmvnoutd
rm -f dmvnoutd/*
if [ -s "/work/03192/priyaj/wannier90-2.0.0/atlas/ATLAS/my_build_dir/src/blas/gemv/Make_dmvn" ]; then \
           cd  /work/03192/priyaj/wannier90-2.0.0/atlas/ATLAS/my_build_dir/src/blas/gemv ; make -f Make_dmvn killall ; \
           rm -f /work/03192/priyaj/wannier90-2.0.0/atlas/ATLAS/my_build_dir/src/blas/gemv/Make_dmvn ; \
        fi
./xmvnhgen -p d -F res/dMVNK.sum -d dmvnoutd
make[5]: Entering directory `/work/03192/priyaj/wannier90-2.0.0/atlas/ATLAS/my_build_dir/tune/blas/gemv'
/work/03192/priyaj/wannier90-2.0.0/atlas/ATLAS/my_build_dir/bin/xextract -b /work/03192/priyaj/wannier90-2.0.0/atlas/ATLAS/my_build_dir/..//tune/blas/gemv/atlas-l2g.base order=clmajor \
                           rout=mvn_sse nu=2 type=DREAL -def MU 1 \
                            -o EXTDIR/dmvn_sse.c
make[5]: Leaving directory `/work/03192/priyaj/wannier90-2.0.0/atlas/ATLAS/my_build_dir/tune/blas/gemv'
make[5]: Entering directory `/work/03192/priyaj/wannier90-2.0.0/atlas/ATLAS/my_build_dir/tune/blas/gemv'
/work/03192/priyaj/wannier90-2.0.0/atlas/ATLAS/my_build_dir/bin/xextract -b /work/03192/priyaj/wannier90-2.0.0/atlas/ATLAS/my_build_dir/..//tune/blas/gemv/atlas-l2g.base order=clmajor \
                           rout=mvn_sse nu=6 type=DREAL -def MU 1 \
                           -def ALIGNED 1 -o EXTDIR/dmvn_sse.c
make[5]: Leaving directory `/work/03192/priyaj/wannier90-2.0.0/atlas/ATLAS/my_build_dir/tune/blas/gemv'
make[5]: Entering directory `/work/03192/priyaj/wannier90-2.0.0/atlas/ATLAS/my_build_dir/tune/blas/gemv'
/work/03192/priyaj/wannier90-2.0.0/atlas/ATLAS/my_build_dir/bin/xextract -b /work/03192/priyaj/wannier90-2.0.0/atlas/ATLAS/my_build_dir/..//tune/blas/gemv/atlas-l2g.base order=clmajor \
                           rout=mvn_sse nu=6 type=DREAL -def MU 1 \
                            -o EXTDIR/dmvn_sse.c
make[5]: Leaving directory `/work/03192/priyaj/wannier90-2.0.0/atlas/ATLAS/my_build_dir/tune/blas/gemv'
make[5]: Entering directory `/work/03192/priyaj/wannier90-2.0.0/atlas/ATLAS/my_build_dir/tune/blas/gemv'
/work/03192/priyaj/wannier90-2.0.0/atlas/ATLAS/my_build_dir/bin/xextract -b /work/03192/priyaj/wannier90-2.0.0/atlas/ATLAS/my_build_dir/..//tune/blas/gemv/atlas-l2g.base order=clmajor \
                           rout=mvn_sse nu=8 type=DREAL -def MU 1 \
                            -o EXTDIR/dmvn_sse.c
make[5]: Leaving directory `/work/03192/priyaj/wannier90-2.0.0/atlas/ATLAS/my_build_dir/tune/blas/gemv'
cp -f dmvnoutd/Make_dmvn /work/03192/priyaj/wannier90-2.0.0/atlas/ATLAS/my_build_dir/src/blas/gemv/.
cp dmvnoutd/*.c /work/03192/priyaj/wannier90-2.0.0/atlas/ATLAS/my_build_dir/src/blas/gemv/.
cp -f dmvnoutd/*.h /work/03192/priyaj/wannier90-2.0.0/atlas/ATLAS/my_build_dir/include/.
if [ -s "xccobj.exe" ] ; then \
	   cp -f xccobj.exe /work/03192/priyaj/wannier90-2.0.0/atlas/ATLAS/my_build_dir/src/blas/gemv/. ; \
	elif [ -s "xccobj" ]; then \
           cp -f xccobj /work/03192/priyaj/wannier90-2.0.0/atlas/ATLAS/my_build_dir/src/blas/gemv/. ; \
        fi
touch /work/03192/priyaj/wannier90-2.0.0/atlas/ATLAS/my_build_dir/..//include/atlas_mv.h
rm -f dmvnoutd/* ; rmdir dmvnoutd
make[4]: Leaving directory `/work/03192/priyaj/wannier90-2.0.0/atlas/ATLAS/my_build_dir/tune/blas/gemv'
make[3]: Leaving directory `/work/03192/priyaj/wannier90-2.0.0/atlas/ATLAS/my_build_dir/tune/blas/gemv'
cp /work/03192/priyaj/wannier90-2.0.0/atlas/ATLAS/my_build_dir/tune/blas/gemv/res/dMVNK.sum INSTALL_LOG/.
make[2]: Leaving directory `/work/03192/priyaj/wannier90-2.0.0/atlas/ATLAS/my_build_dir/bin'

*******************************************************************************
*******************************************************************************
*******************************************************************************
*      FINISHED ATLAS3.10.2 INSTALL OF SECTION 2-1-7 ON 09/28/2014 AT 16:46   *
*******************************************************************************
*******************************************************************************
*******************************************************************************



