
*******************************************************************************
*******************************************************************************
*******************************************************************************
*       BEGAN ATLAS3.10.2 INSTALL OF SECTION 2-2-7 ON 09/28/2014 AT 16:48     *
*******************************************************************************
*******************************************************************************
*******************************************************************************



make[2]: Entering directory `/work/03192/priyaj/wannier90-2.0.0/atlas/ATLAS/my_build_dir/bin'
cd /work/03192/priyaj/wannier90-2.0.0/atlas/ATLAS/my_build_dir/tune/blas/gemv ; make res/sMVNK.sum pre=s
make[3]: Entering directory `/work/03192/priyaj/wannier90-2.0.0/atlas/ATLAS/my_build_dir/tune/blas/gemv'
./xmvnksearch -p s

      Read in L1 Cache size as = 32KB.
   900002:smvn_sse.c (M=3000, N=2000, lda=3003) gets 4001.00 MFLOPS
   900006:smvn_sse.c (M=2048, N=16, lda=2056) gets 3244.03 MFLOPS
   900003:smvn_sse.c (M=2048, N=16, lda=2056) gets 3244.03 MFLOPS
   900005:smvn_sse.c (M=2048, N=16, lda=2051) gets 6488.06 MFLOPS
   2:ATL_sgemvN_8x4_sse.c (M=870, N=8, lda=880) gets 6270.96 MFLOPS
   900006:smvn_sse.c (M=870, N=8, lda=880) gets 3135.48 MFLOPS
   900005:smvn_sse.c (M=870, N=8, lda=875) gets 12541.92 MFLOPS
   900002:smvn_sse.c (M=3000, N=2000, lda=3003) gets 4001.00 MFLOPS
ID=900002 ROUT='smvn_sse.c' AUTH='R. Clint Whaley' TA='N' KNAME='ATL_smvnk__900002' \
   rankR=0 CacheElts=32768 SSE=3 alignA=0 alignY=16 alignX=16 minM=16 minN=2  \
   NU=2 MU=16 LDAMUL=0 PFTUNABLE=1 ALIGNX2A=0 ADDCFLAGS=0 GEMMBASED=0 AXPYBASED=1  \
   ALLALIGNXY=0 LDYTOP=0 FNU=1 X87=0  \
   MFLOP=4.001000e+03,-7.383746e+03  ASM=GAS_x8664 \
     CFLAGS='-x assembler-with-cpp -DPFIX=prefetcht0 -DPFIY=prefetcht0 -DPFADIST=512 -DPFXDIST=0 -DPFYDIST=0' \
     COMP='gcc'
ID=900006 ROUT='smvn_sse.c' AUTH='R. Clint Whaley' TA='N' KNAME='ATL_smvnk__900006' \
   rankR=2 CacheElts=32768 SSE=3 alignA=16 alignY=16 alignX=16 minM=32  \
   minN=4 NU=4 MU=32 LDAMUL=16 PFTUNABLE=1 ALIGNX2A=0 ADDCFLAGS=0 GEMMBASED=0  \
   AXPYBASED=1 ALLALIGNXY=0 LDYTOP=0 FNU=1 X87=0  \
   MFLOP=-5.882090e+03,-7.135833e+03,0.000000e+00,3.244032e+03,-2.261061e+04 \
     ASM=GAS_x8664 \
     CFLAGS='-x assembler-with-cpp -DPFIA=prefetcht0 -DPFIY=prefetcht1 -DPFADIST=192 -DPFXDIST=0 -DPFYDIST=0' \
     COMP='gcc'
ID=900003 ROUT='smvn_sse.c' AUTH='R. Clint Whaley' TA='N' KNAME='ATL_smvnk__900003' \
   rankR=1 CacheElts=32768 SSE=3 alignA=16 alignY=16 alignX=16 minM=16  \
   minN=2 NU=2 MU=16 LDAMUL=16 PFTUNABLE=1 ALIGNX2A=0 ADDCFLAGS=0 GEMMBASED=0  \
   AXPYBASED=1 ALLALIGNXY=0 LDYTOP=0 FNU=1 X87=0  \
   MFLOP=-5.880463e+03,-7.309606e+03,0.000000e+00,3.244032e+03,-1.919313e+04 \
     ASM=GAS_x8664  CFLAGS='-x assembler-with-cpp'  COMP='gcc'
ID=900005 ROUT='smvn_sse.c' AUTH='R. Clint Whaley' TA='N' KNAME='ATL_smvnk__900005' \
   rankR=0 CacheElts=32768 SSE=3 alignA=0 alignY=16 alignX=16 minM=32 minN=4  \
   NU=4 MU=32 LDAMUL=0 PFTUNABLE=1 ALIGNX2A=0 ADDCFLAGS=0 GEMMBASED=0 AXPYBASED=1  \
   ALLALIGNXY=0 LDYTOP=0 FNU=1 X87=0  \
   MFLOP=0.000000e+00,0.000000e+00,0.000000e+00,6.488064e+03,-1.896154e+04 \
     ASM=GAS_x8664 \
     CFLAGS='-x assembler-with-cpp -DPFIA=prefetchnta -DPFIX=prefetcht2 -DPFIY=prefetchnta -DPFADIST=512 -DPFXDIST=0 -DPFYDIST=256' \
     COMP='gcc'
ID=2 ROUT='ATL_sgemvN_8x4_sse.c' AUTH='R. Clint Whaley' TA='N' KNAME='ATL_smvnk__2' \
   rankR=2 CacheElts=8192 SSE=1 alignA=0 alignY=16 alignX=0 minM=0 minN=0  \
   NU=4 MU=8 LDAMUL=16 PFTUNABLE=0 ALIGNX2A=1 ADDCFLAGS=0 GEMMBASED=0 AXPYBASED=1  \
   ALLALIGNXY=0 LDYTOP=0 FNU=0 X87=0  \
   MFLOP=-5.523305e+03,-6.846017e+03,0.000000e+00,0.000000e+00,6.270960e+03
ID=900006 ROUT='smvn_sse.c' AUTH='R. Clint Whaley' TA='N' KNAME='ATL_smvnk__900006' \
   rankR=1 CacheElts=8192 SSE=3 alignA=16 alignY=16 alignX=16 minM=32 minN=4  \
   NU=4 MU=32 LDAMUL=16 PFTUNABLE=1 ALIGNX2A=0 ADDCFLAGS=0 GEMMBASED=0  \
   AXPYBASED=1 ALLALIGNXY=0 LDYTOP=0 FNU=1 X87=0  \
   MFLOP=-5.882090e+03,-7.135833e+03,0.000000e+00,0.000000e+00,3.135480e+03 \
     ASM=GAS_x8664 \
     CFLAGS='-x assembler-with-cpp -DPFIA=prefetchnta -DPFIY=prefetcht0 -DPFADIST=128 -DPFXDIST=0 -DPFYDIST=384' \
     COMP='gcc'
ID=900005 ROUT='smvn_sse.c' AUTH='R. Clint Whaley' TA='N' KNAME='ATL_smvnk__900005' \
   rankR=0 CacheElts=8192 SSE=3 alignA=0 alignY=16 alignX=16 minM=32 minN=4  \
   NU=4 MU=32 LDAMUL=0 PFTUNABLE=1 ALIGNX2A=0 ADDCFLAGS=0 GEMMBASED=0 AXPYBASED=1  \
   ALLALIGNXY=0 LDYTOP=0 FNU=1 X87=0  \
   MFLOP=0.000000e+00,0.000000e+00,0.000000e+00,0.000000e+00,1.254192e+04 \
     ASM=GAS_x8664 \
     CFLAGS='-x assembler-with-cpp -DPFIA=prefetchnta -DPFADIST=256 -DPFXDIST=128 -DPFYDIST=512' \
     COMP='gcc'
ID=900002 ROUT='smvn_sse.c' AUTH='R. Clint Whaley' TA='N' KNAME='ATL_smvnk__900002' \
   rankR=0 CacheElts=8192 SSE=3 alignA=0 alignY=16 alignX=16 minM=16 minN=2  \
   NU=2 MU=16 LDAMUL=0 PFTUNABLE=1 ALIGNX2A=0 ADDCFLAGS=0 GEMMBASED=0 AXPYBASED=1  \
   ALLALIGNXY=0 LDYTOP=0 FNU=1 X87=0  \
   MFLOP=4.001000e+03,-7.490177e+03  ASM=GAS_x8664 \
     CFLAGS='-x assembler-with-cpp -DPFIA=prefetchnta -DPFIY=prefetchnta -DPFXDIST=192 -DPFYDIST=960' \
     COMP='gcc'
make smvninstall
make[4]: Entering directory `/work/03192/priyaj/wannier90-2.0.0/atlas/ATLAS/my_build_dir/tune/blas/gemv'
mkdir smvnoutd
rm -f smvnoutd/*
if [ -s "/work/03192/priyaj/wannier90-2.0.0/atlas/ATLAS/my_build_dir/src/blas/gemv/Make_smvn" ]; then \
           cd  /work/03192/priyaj/wannier90-2.0.0/atlas/ATLAS/my_build_dir/src/blas/gemv ; make -f Make_smvn killall ; \
           rm -f /work/03192/priyaj/wannier90-2.0.0/atlas/ATLAS/my_build_dir/src/blas/gemv/Make_smvn ; \
        fi
./xmvnhgen -p s -F res/sMVNK.sum -d smvnoutd
make[5]: Entering directory `/work/03192/priyaj/wannier90-2.0.0/atlas/ATLAS/my_build_dir/tune/blas/gemv'
/work/03192/priyaj/wannier90-2.0.0/atlas/ATLAS/my_build_dir/bin/xextract -b /work/03192/priyaj/wannier90-2.0.0/atlas/ATLAS/my_build_dir/..//tune/blas/gemv/atlas-l2g.base order=clmajor \
                           rout=mvn_sse nu=2 type=SREAL -def MU 1 \
                            -o EXTDIR/smvn_sse.c
make[5]: Leaving directory `/work/03192/priyaj/wannier90-2.0.0/atlas/ATLAS/my_build_dir/tune/blas/gemv'
make[5]: Entering directory `/work/03192/priyaj/wannier90-2.0.0/atlas/ATLAS/my_build_dir/tune/blas/gemv'
/work/03192/priyaj/wannier90-2.0.0/atlas/ATLAS/my_build_dir/bin/xextract -b /work/03192/priyaj/wannier90-2.0.0/atlas/ATLAS/my_build_dir/..//tune/blas/gemv/atlas-l2g.base order=clmajor \
                           rout=mvn_sse nu=4 type=SREAL -def MU 2 \
                           -def ALIGNED 1 -o EXTDIR/smvn_sse.c
make[5]: Leaving directory `/work/03192/priyaj/wannier90-2.0.0/atlas/ATLAS/my_build_dir/tune/blas/gemv'
make[5]: Entering directory `/work/03192/priyaj/wannier90-2.0.0/atlas/ATLAS/my_build_dir/tune/blas/gemv'
/work/03192/priyaj/wannier90-2.0.0/atlas/ATLAS/my_build_dir/bin/xextract -b /work/03192/priyaj/wannier90-2.0.0/atlas/ATLAS/my_build_dir/..//tune/blas/gemv/atlas-l2g.base order=clmajor \
                           rout=mvn_sse nu=2 type=SREAL -def MU 1 \
                           -def ALIGNED 1 -o EXTDIR/smvn_sse.c
make[5]: Leaving directory `/work/03192/priyaj/wannier90-2.0.0/atlas/ATLAS/my_build_dir/tune/blas/gemv'
make[5]: Entering directory `/work/03192/priyaj/wannier90-2.0.0/atlas/ATLAS/my_build_dir/tune/blas/gemv'
/work/03192/priyaj/wannier90-2.0.0/atlas/ATLAS/my_build_dir/bin/xextract -b /work/03192/priyaj/wannier90-2.0.0/atlas/ATLAS/my_build_dir/..//tune/blas/gemv/atlas-l2g.base order=clmajor \
                           rout=mvn_sse nu=4 type=SREAL -def MU 2 \
                            -o EXTDIR/smvn_sse.c
make[5]: Leaving directory `/work/03192/priyaj/wannier90-2.0.0/atlas/ATLAS/my_build_dir/tune/blas/gemv'
cp -f smvnoutd/Make_smvn /work/03192/priyaj/wannier90-2.0.0/atlas/ATLAS/my_build_dir/src/blas/gemv/.
cp smvnoutd/*.c /work/03192/priyaj/wannier90-2.0.0/atlas/ATLAS/my_build_dir/src/blas/gemv/.
cp -f smvnoutd/*.h /work/03192/priyaj/wannier90-2.0.0/atlas/ATLAS/my_build_dir/include/.
if [ -s "xccobj.exe" ] ; then \
	   cp -f xccobj.exe /work/03192/priyaj/wannier90-2.0.0/atlas/ATLAS/my_build_dir/src/blas/gemv/. ; \
	elif [ -s "xccobj" ]; then \
           cp -f xccobj /work/03192/priyaj/wannier90-2.0.0/atlas/ATLAS/my_build_dir/src/blas/gemv/. ; \
        fi
touch /work/03192/priyaj/wannier90-2.0.0/atlas/ATLAS/my_build_dir/..//include/atlas_mv.h
rm -f smvnoutd/* ; rmdir smvnoutd
make[4]: Leaving directory `/work/03192/priyaj/wannier90-2.0.0/atlas/ATLAS/my_build_dir/tune/blas/gemv'
make[3]: Leaving directory `/work/03192/priyaj/wannier90-2.0.0/atlas/ATLAS/my_build_dir/tune/blas/gemv'
cp /work/03192/priyaj/wannier90-2.0.0/atlas/ATLAS/my_build_dir/tune/blas/gemv/res/sMVNK.sum INSTALL_LOG/.
make[2]: Leaving directory `/work/03192/priyaj/wannier90-2.0.0/atlas/ATLAS/my_build_dir/bin'

*******************************************************************************
*******************************************************************************
*******************************************************************************
*      FINISHED ATLAS3.10.2 INSTALL OF SECTION 2-2-7 ON 09/28/2014 AT 16:48   *
*******************************************************************************
*******************************************************************************
*******************************************************************************



