
*******************************************************************************
*******************************************************************************
*******************************************************************************
*       BEGAN ATLAS3.10.2 INSTALL OF SECTION 2-3-7 ON 09/28/2014 AT 16:50     *
*******************************************************************************
*******************************************************************************
*******************************************************************************



make[2]: Entering directory `/work/03192/priyaj/wannier90-2.0.0/atlas/ATLAS/my_build_dir/bin'
cd /work/03192/priyaj/wannier90-2.0.0/atlas/ATLAS/my_build_dir/tune/blas/gemv ; make res/zMVNK.sum pre=z
make[3]: Entering directory `/work/03192/priyaj/wannier90-2.0.0/atlas/ATLAS/my_build_dir/tune/blas/gemv'
./xmvnksearch -p z

      Read in L1 Cache size as = 32KB.
   900002:zmvn_sse.c (M=2300, N=1000, lda=2303) gets 3069.48 MFLOPS
   900005:zmvn_sse.c (M=409, N=20, lda=417) gets 3123.12 MFLOPS
   900003:zmvn_sse.c (M=512, N=16, lda=520) gets 3159.13 MFLOPS
   900004:zmvn_sse.c (M=409, N=20, lda=413) gets 3123.12 MFLOPS
   900005:zmvn_sse.c (M=174, N=10, lda=182) gets 3112.51 MFLOPS
   900003:zmvn_sse.c (M=217, N=8, lda=225) gets 3132.27 MFLOPS
   900004:zmvn_sse.c (M=174, N=10, lda=182) gets 3112.51 MFLOPS
   900002:zmvn_sse.c (M=2300, N=1000, lda=2303) gets 2630.92 MFLOPS
ID=900002 ROUT='zmvn_sse.c' AUTH='R. Clint Whaley' TA='N' KNAME='ATL_zmvnk__900002' \
   rankR=0 CacheElts=13312 SSE=3 alignA=0 alignY=16 alignX=16 minM=4 minN=4  \
   NU=4 MU=4 LDAMUL=0 PFTUNABLE=1 ALIGNX2A=0 ADDCFLAGS=0 GEMMBASED=0 AXPYBASED=1  \
   ALLALIGNXY=0 LDYTOP=0 FNU=1 X87=0  \
   MFLOP=3.069478e+03,-6.773779e+03  ASM=GAS_x8664 \
     CFLAGS='-x assembler-with-cpp -DPFIA=prefetchnta -DPFIX=prefetcht1 -DPFIY=prefetchnta -DPFADIST=256 -DPFXDIST=128 -DPFYDIST=0' \
     COMP='gcc'
ID=900005 ROUT='zmvn_sse.c' AUTH='R. Clint Whaley' TA='N' KNAME='ATL_zmvnk__900005' \
   rankR=2 CacheElts=13312 SSE=3 alignA=16 alignY=16 alignX=16 minM=4 minN=5  \
   NU=5 MU=4 LDAMUL=16 PFTUNABLE=1 ALIGNX2A=0 ADDCFLAGS=0 GEMMBASED=0 AXPYBASED=1  \
   ALLALIGNXY=0 LDYTOP=0 FNU=1 X87=0  \
   MFLOP=-5.200411e+03,-6.770837e+03,0.000000e+00,3.123124e+03,-1.320810e+04 \
     ASM=GAS_x8664 \
     CFLAGS='-x assembler-with-cpp -DPFIX=prefetchnta -DPFIY=prefetchnta -DPFADIST=0 -DPFXDIST=128 -DPFYDIST=128' \
     COMP='gcc'
ID=900003 ROUT='zmvn_sse.c' AUTH='R. Clint Whaley' TA='N' KNAME='ATL_zmvnk__900003' \
   rankR=1 CacheElts=13312 SSE=3 alignA=16 alignY=16 alignX=16 minM=4 minN=4  \
   NU=4 MU=4 LDAMUL=16 PFTUNABLE=1 ALIGNX2A=0 ADDCFLAGS=0 GEMMBASED=0 AXPYBASED=1  \
   ALLALIGNXY=0 LDYTOP=0 FNU=1 X87=0  \
   MFLOP=-5.322735e+03,-6.922818e+03,0.000000e+00,3.159127e+03,-1.344948e+04 \
     ASM=GAS_x8664  CFLAGS='-x assembler-with-cpp'  COMP='gcc'
ID=900004 ROUT='zmvn_sse.c' AUTH='R. Clint Whaley' TA='N' KNAME='ATL_zmvnk__900004' \
   rankR=0 CacheElts=13312 SSE=3 alignA=0 alignY=16 alignX=16 minM=4 minN=5  \
   NU=5 MU=4 LDAMUL=0 PFTUNABLE=1 ALIGNX2A=0 ADDCFLAGS=0 GEMMBASED=0 AXPYBASED=1  \
   ALLALIGNXY=0 LDYTOP=0 FNU=1 X87=0  \
   MFLOP=0.000000e+00,0.000000e+00,0.000000e+00,3.123124e+03,-1.104115e+04 \
     ASM=GAS_x8664 \
     CFLAGS='-x assembler-with-cpp -DPFIA=prefetchnta -DPFIX=prefetchnta -DPFIY=prefetcht0 -DPFADIST=0 -DPFXDIST=0 -DPFYDIST=256' \
     COMP='gcc'
ID=900005 ROUT='zmvn_sse.c' AUTH='R. Clint Whaley' TA='N' KNAME='ATL_zmvnk__900005' \
   rankR=2 CacheElts=1187 SSE=3 alignA=16 alignY=16 alignX=16 minM=4 minN=5  \
   NU=5 MU=4 LDAMUL=16 PFTUNABLE=1 ALIGNX2A=0 ADDCFLAGS=0 GEMMBASED=0 AXPYBASED=1  \
   ALLALIGNXY=0 LDYTOP=0 FNU=1 X87=0  \
   MFLOP=-5.200411e+03,-6.770837e+03,0.000000e+00,0.000000e+00,3.112512e+03 \
     ASM=GAS_x8664  CFLAGS='-x assembler-with-cpp'  COMP='gcc'
ID=900003 ROUT='zmvn_sse.c' AUTH='R. Clint Whaley' TA='N' KNAME='ATL_zmvnk__900003' \
   rankR=1 CacheElts=1187 SSE=3 alignA=16 alignY=16 alignX=16 minM=4 minN=4  \
   NU=4 MU=4 LDAMUL=16 PFTUNABLE=1 ALIGNX2A=0 ADDCFLAGS=0 GEMMBASED=0 AXPYBASED=1  \
   ALLALIGNXY=0 LDYTOP=0 FNU=1 X87=0  \
   MFLOP=-5.322735e+03,-6.922818e+03,0.000000e+00,0.000000e+00,3.132272e+03 \
     ASM=GAS_x8664 \
     CFLAGS='-x assembler-with-cpp -DPFIA=prefetchnta -DPFIX=prefetcht2 -DPFIY=prefetcht0 -DPFADIST=128 -DPFXDIST=512' \
     COMP='gcc'
ID=900004 ROUT='zmvn_sse.c' AUTH='R. Clint Whaley' TA='N' KNAME='ATL_zmvnk__900004' \
   rankR=0 CacheElts=1187 SSE=3 alignA=0 alignY=16 alignX=16 minM=4 minN=5  \
   NU=5 MU=4 LDAMUL=0 PFTUNABLE=1 ALIGNX2A=0 ADDCFLAGS=0 GEMMBASED=0 AXPYBASED=1  \
   ALLALIGNXY=0 LDYTOP=0 FNU=1 X87=0  \
   MFLOP=0.000000e+00,0.000000e+00,0.000000e+00,0.000000e+00,3.112512e+03 \
     ASM=GAS_x8664 \
     CFLAGS='-x assembler-with-cpp -DPFIA=prefetcht0 -DPFIX=prefetchnta -DPFADIST=576 -DPFXDIST=128' \
     COMP='gcc'
ID=900002 ROUT='zmvn_sse.c' AUTH='R. Clint Whaley' TA='N' KNAME='ATL_zmvnk__900002' \
   rankR=0 CacheElts=1187 SSE=3 alignA=0 alignY=16 alignX=16 minM=4 minN=4  \
   NU=4 MU=4 LDAMUL=0 PFTUNABLE=1 ALIGNX2A=0 ADDCFLAGS=0 GEMMBASED=0 AXPYBASED=1  \
   ALLALIGNXY=0 LDYTOP=0 FNU=1 X87=0  \
   MFLOP=2.630919e+03,-6.638618e+03  ASM=GAS_x8664 \
     CFLAGS='-x assembler-with-cpp -DPFIA=prefetcht0 -DPFIY=prefetchnta -DPFADIST=192 -DPFXDIST=128 -DPFYDIST=256' \
     COMP='gcc'
make zmvninstall
make[4]: Entering directory `/work/03192/priyaj/wannier90-2.0.0/atlas/ATLAS/my_build_dir/tune/blas/gemv'
mkdir zmvnoutd
rm -f zmvnoutd/*
if [ -s "/work/03192/priyaj/wannier90-2.0.0/atlas/ATLAS/my_build_dir/src/blas/gemv/Make_zmvn" ]; then \
           cd  /work/03192/priyaj/wannier90-2.0.0/atlas/ATLAS/my_build_dir/src/blas/gemv ; make -f Make_zmvn killall ; \
           rm -f /work/03192/priyaj/wannier90-2.0.0/atlas/ATLAS/my_build_dir/src/blas/gemv/Make_zmvn ; \
        fi
./xmvnhgen -p z -F res/zMVNK.sum -d zmvnoutd
make[5]: Entering directory `/work/03192/priyaj/wannier90-2.0.0/atlas/ATLAS/my_build_dir/tune/blas/gemv'
/work/03192/priyaj/wannier90-2.0.0/atlas/ATLAS/my_build_dir/bin/xextract -b /work/03192/priyaj/wannier90-2.0.0/atlas/ATLAS/my_build_dir/..//tune/blas/gemv/atlas-l2g.base order=clmajor \
                           rout=mvn_sse nu=4 type=DCPLX -def MU 1 \
                            -o EXTDIR/zmvn_sse.c
make[5]: Leaving directory `/work/03192/priyaj/wannier90-2.0.0/atlas/ATLAS/my_build_dir/tune/blas/gemv'
make[5]: Entering directory `/work/03192/priyaj/wannier90-2.0.0/atlas/ATLAS/my_build_dir/tune/blas/gemv'
/work/03192/priyaj/wannier90-2.0.0/atlas/ATLAS/my_build_dir/bin/xextract -b /work/03192/priyaj/wannier90-2.0.0/atlas/ATLAS/my_build_dir/..//tune/blas/gemv/atlas-l2g.base order=clmajor \
                           rout=mvn_sse nu=5 type=DCPLX -def MU 1 \
                           -def ALIGNED 1 -o EXTDIR/zmvn_sse.c
make[5]: Leaving directory `/work/03192/priyaj/wannier90-2.0.0/atlas/ATLAS/my_build_dir/tune/blas/gemv'
make[5]: Entering directory `/work/03192/priyaj/wannier90-2.0.0/atlas/ATLAS/my_build_dir/tune/blas/gemv'
/work/03192/priyaj/wannier90-2.0.0/atlas/ATLAS/my_build_dir/bin/xextract -b /work/03192/priyaj/wannier90-2.0.0/atlas/ATLAS/my_build_dir/..//tune/blas/gemv/atlas-l2g.base order=clmajor \
                           rout=mvn_sse nu=4 type=DCPLX -def MU 1 \
                           -def ALIGNED 1 -o EXTDIR/zmvn_sse.c
make[5]: Leaving directory `/work/03192/priyaj/wannier90-2.0.0/atlas/ATLAS/my_build_dir/tune/blas/gemv'
make[5]: Entering directory `/work/03192/priyaj/wannier90-2.0.0/atlas/ATLAS/my_build_dir/tune/blas/gemv'
/work/03192/priyaj/wannier90-2.0.0/atlas/ATLAS/my_build_dir/bin/xextract -b /work/03192/priyaj/wannier90-2.0.0/atlas/ATLAS/my_build_dir/..//tune/blas/gemv/atlas-l2g.base order=clmajor \
                           rout=mvn_sse nu=5 type=DCPLX -def MU 1 \
                            -o EXTDIR/zmvn_sse.c
make[5]: Leaving directory `/work/03192/priyaj/wannier90-2.0.0/atlas/ATLAS/my_build_dir/tune/blas/gemv'
cp -f zmvnoutd/Make_zmvn /work/03192/priyaj/wannier90-2.0.0/atlas/ATLAS/my_build_dir/src/blas/gemv/.
cp zmvnoutd/*.c /work/03192/priyaj/wannier90-2.0.0/atlas/ATLAS/my_build_dir/src/blas/gemv/.
cp -f zmvnoutd/*.h /work/03192/priyaj/wannier90-2.0.0/atlas/ATLAS/my_build_dir/include/.
if [ -s "xccobj.exe" ] ; then \
	   cp -f xccobj.exe /work/03192/priyaj/wannier90-2.0.0/atlas/ATLAS/my_build_dir/src/blas/gemv/. ; \
	elif [ -s "xccobj" ]; then \
           cp -f xccobj /work/03192/priyaj/wannier90-2.0.0/atlas/ATLAS/my_build_dir/src/blas/gemv/. ; \
        fi
touch /work/03192/priyaj/wannier90-2.0.0/atlas/ATLAS/my_build_dir/..//include/atlas_mv.h
rm -f zmvnoutd/* ; rmdir zmvnoutd
make[4]: Leaving directory `/work/03192/priyaj/wannier90-2.0.0/atlas/ATLAS/my_build_dir/tune/blas/gemv'
make[3]: Leaving directory `/work/03192/priyaj/wannier90-2.0.0/atlas/ATLAS/my_build_dir/tune/blas/gemv'
cp /work/03192/priyaj/wannier90-2.0.0/atlas/ATLAS/my_build_dir/tune/blas/gemv/res/zMVNK.sum INSTALL_LOG/.
make[2]: Leaving directory `/work/03192/priyaj/wannier90-2.0.0/atlas/ATLAS/my_build_dir/bin'

*******************************************************************************
*******************************************************************************
*******************************************************************************
*      FINISHED ATLAS3.10.2 INSTALL OF SECTION 2-3-7 ON 09/28/2014 AT 16:50   *
*******************************************************************************
*******************************************************************************
*******************************************************************************



